home component initialized for User HARISH B on Wed Dec 20 2023 12:20:10 GMT+0530 (India Standard Time)and it's an info message Message Status ---> info
home component initialized for User HARISH B on Thu Jan 04 2024 10:28:00 GMT+0530 (India Standard Time)and it's an info message Message Status ---> info
home component initialized for User HARISH B on Thu Jan 04 2024 10:28:08 GMT+0530 (India Standard Time)and it's an info message Message Status ---> info
home component initialized for User HARISH B on Thu Jan 04 2024 10:33:50 GMT+0530 (India Standard Time)and it's an info message Message Status ---> info
home component initialized for User HARISH B on Thu Jan 04 2024 11:33:56 GMT+0530 (India Standard Time)and it's an info message Message Status ---> info
home component initialized for User harish b on Tue Jul 02 2024 16:13:48 GMT+0530 (India Standard Time)and it's an info message Message Status ---> info
home component initialized for User harish b on Tue Jul 02 2024 16:13:50 GMT+0530 (India Standard Time)and it's an info message Message Status ---> info
home component initialized for User harish b on Tue Jul 02 2024 16:14:53 GMT+0530 (India Standard Time)and it's an info message Message Status ---> info
home component initialized for User harish b on Tue Jul 02 2024 16:14:56 GMT+0530 (India Standard Time)and it's an info message Message Status ---> info
home component initialized for User harish b on Tue Jul 02 2024 16:15:04 GMT+0530 (India Standard Time)and it's an info message Message Status ---> info
home component initialized for User harish b on Tue Jul 02 2024 18:27:40 GMT+0530 (India Standard Time)and it's an info message Message Status ---> info
home component initialized for User harish b on Tue Jul 02 2024 18:29:34 GMT+0530 (India Standard Time)and it's an info message Message Status ---> info
home component initialized for User Rishikesh on Sun Jul 14 2024 18:38:34 GMT+0530 (India Standard Time)and it's an info message Message Status ---> info
home component initialized for User Rishivarma on Mon Jul 15 2024 16:13:38 GMT+0530 (India Standard Time)and it's an info message Message Status ---> info
home component initialized for User Rishikesh on Mon Jul 15 2024 16:44:39 GMT+0530 (India Standard Time)and it's an info message Message Status ---> info
home component initialized for User Rishikesh on Mon Jul 15 2024 20:42:44 GMT+0530 (India Standard Time)and it's an info message Message Status ---> info
home component initialized for User Rishivarma on Fri Jul 26 2024 15:34:14 GMT+0530 (India Standard Time)and it's an info message Message Status ---> info
home component initialized for User Rishivarma on Sat Jul 27 2024 20:15:58 GMT+0530 (India Standard Time)and it's an info message Message Status ---> info
home component initialized for User Harish Balamurugan on Sat Dec 21 2024 20:02:51 GMT+0530 (India Standard Time)and it's an info message Message Status ---> info
home component initialized for User Harish Balamurugan on Sat Dec 21 2024 20:05:56 GMT+0530 (India Standard Time)and it's an info message Message Status ---> info
